2022-05-19 02:05:335 INFO  ManageDriver :30 - Launching Chrome Browser
2022-05-19 02:05:249 INFO  LoginPage :30 - Sending text to  UserName field Standard_userto username field [[ChromeDriver: chrome on WINDOWS (641ab2b0f21677701ccf880359791c54)] -> xpath: //input[@id='user-name']]
2022-05-19 02:05:339 INFO  LoginPage :35 - Sending text to  Password fieldsecret_sauceto password field [[ChromeDriver: chrome on WINDOWS (641ab2b0f21677701ccf880359791c54)] -> xpath: //input[@id='password']]
2022-05-19 02:05:425 INFO  LoginPage :39 - Clicking on LoginButton :[[ChromeDriver: chrome on WINDOWS (641ab2b0f21677701ccf880359791c54)] -> xpath: //input[@id='login-button']]
2022-05-19 02:05:444 INFO  ManageDriver :30 - Launching Chrome Browser
2022-05-19 02:05:611 INFO  LoginPage :31 - enter username 
2022-05-19 02:05:722 INFO  LoginPage :35 - enter password 
2022-05-19 02:05:825 INFO  LoginPage :39 - click on login button 
2022-05-19 02:05:24 INFO  ProductPage :34 - select from dropdown list[[[ChromeDriver: chrome on WINDOWS (1052e053e9cc305f54a35be49776b189)] -> xpath: //select[@class='product_sort_container']]]
2022-05-19 02:05:150 INFO  ProductPage :43 - select the product and add to cartADD TO CART
2022-05-19 02:05:240 INFO  ProductPage :48 - open shopping cart1
2022-05-19 02:05:322 INFO  CheckoutPage :47 - go to check out and open CHECKOUT
2022-05-19 02:05:388 INFO  CheckoutPage :52 - enter first name
2022-05-19 02:05:468 INFO  CheckoutPage :57 - enter first name
2022-05-19 02:05:536 INFO  CheckoutPage :62 - enter zipCode 
2022-05-19 02:05:602 INFO  CheckoutPage :67 - click on continue Button[[ChromeDriver: chrome on WINDOWS (1052e053e9cc305f54a35be49776b189)] -> xpath: //input[@id='continue']]
2022-05-19 02:05:664 INFO  CheckoutPage :72 - Verify text for Thenkyou [[ChromeDriver: chrome on WINDOWS (1052e053e9cc305f54a35be49776b189)] -> xpath: //button[@id='finish']]
2022-05-19 02:05:524 INFO  ManageDriver :30 - Launching Chrome Browser
2022-05-19 02:05:208 INFO  LoginPage :31 - enter username 
2022-05-19 02:05:321 INFO  LoginPage :35 - enter password 
2022-05-19 02:05:428 INFO  LoginPage :39 - click on login button 
2022-05-19 02:05:563 INFO  ProductPage :34 - select from dropdown list[[[ChromeDriver: chrome on WINDOWS (1c332f5a79cd7c20f6a7881981dfa2b1)] -> xpath: //select[@class='product_sort_container']]]
2022-05-19 02:05:664 INFO  ProductPage :43 - select the product and add to cartADD TO CART
2022-05-19 02:05:766 INFO  ProductPage :48 - open shopping cart1
2022-05-19 02:05:841 INFO  CheckoutPage :47 - go to check out and open CHECKOUT
2022-05-19 02:05:903 INFO  CheckoutPage :52 - enter first name
2022-05-19 02:05:987 INFO  CheckoutPage :57 - enter first name
2022-05-19 02:05:58 INFO  CheckoutPage :62 - enter zipCode 
2022-05-19 02:05:124 INFO  CheckoutPage :67 - click on continue Button[[ChromeDriver: chrome on WINDOWS (1c332f5a79cd7c20f6a7881981dfa2b1)] -> xpath: //input[@id='continue']]
2022-05-19 02:05:182 INFO  CheckoutPage :72 - Verify text for Thenkyou [[ChromeDriver: chrome on WINDOWS (1c332f5a79cd7c20f6a7881981dfa2b1)] -> xpath: //button[@id='finish']]
2022-05-19 02:05:381 INFO  ManageDriver :30 - Launching Chrome Browser
2022-05-19 02:05:77 INFO  LoginPage :31 - enter username 
2022-05-19 02:05:180 INFO  LoginPage :35 - enter password 
2022-05-19 02:05:264 INFO  LoginPage :39 - click on login button 
2022-05-19 02:05:372 INFO  ProductPage :34 - select from dropdown list[[[ChromeDriver: chrome on WINDOWS (6c0680d43c0ecbf67a6c97cf90d3c1a0)] -> xpath: //select[@class='product_sort_container']]]
2022-05-19 02:05:516 INFO  ProductPage :43 - select the product and add to cartADD TO CART
2022-05-19 02:05:644 INFO  ProductPage :48 - open shopping cart1
2022-05-19 02:05:725 INFO  CheckoutPage :47 - go to check out and open CHECKOUT
2022-05-19 02:05:798 INFO  CheckoutPage :52 - enter first name
2022-05-19 02:05:874 INFO  CheckoutPage :57 - enter first name
2022-05-19 02:05:944 INFO  CheckoutPage :62 - enter zipCode 
2022-05-19 02:05:09 INFO  CheckoutPage :67 - click on continue Button[[ChromeDriver: chrome on WINDOWS (6c0680d43c0ecbf67a6c97cf90d3c1a0)] -> xpath: //input[@id='continue']]
2022-05-19 02:05:67 INFO  CheckoutPage :72 - Verify text for Thenkyou [[ChromeDriver: chrome on WINDOWS (6c0680d43c0ecbf67a6c97cf90d3c1a0)] -> xpath: //button[@id='finish']]
